  MethodInvokeAgent.cpp
d:\granulej\gop\granulejide\gvm\methodinvokeagent.h(136): warning C4290: 忽略 C++ 异常规范，但指示函数不是 __declspec(nothrow)
d:\granulej\gop\granulejide\gvm\methodinvokeagent.h(138): warning C4290: 忽略 C++ 异常规范，但指示函数不是 __declspec(nothrow)
d:\granulej\gop\granulejide\gvm\methodinvokeagent.h(140): warning C4290: 忽略 C++ 异常规范，但指示函数不是 __declspec(nothrow)
d:\granulej\gop\granulejide\gvm\methodinvokeagent.h(142): warning C4290: 忽略 C++ 异常规范，但指示函数不是 __declspec(nothrow)
d:\granulej\gop\granulejide\gvm\methodinvokeagent.h(144): warning C4290: 忽略 C++ 异常规范，但指示函数不是 __declspec(nothrow)
d:\granulej\gop\granulejide\gvm\methodinvokeagent.h(146): warning C4290: 忽略 C++ 异常规范，但指示函数不是 __declspec(nothrow)
d:\granulej\gop\granulejide\gvm\methodinvokeagent.h(165): warning C4290: 忽略 C++ 异常规范，但指示函数不是 __declspec(nothrow)
d:\granulej\gop\granulejide\gvm\methodinvokeagent.cpp(76): warning C4290: 忽略 C++ 异常规范，但指示函数不是 __declspec(nothrow)
d:\granulej\gop\granulejide\gvm\methodinvokeagent.cpp(82): warning C4290: 忽略 C++ 异常规范，但指示函数不是 __declspec(nothrow)
d:\granulej\gop\granulejide\gvm\methodinvokeagent.cpp(92): warning C4290: 忽略 C++ 异常规范，但指示函数不是 __declspec(nothrow)
d:\granulej\gop\granulejide\gvm\methodinvokeagent.cpp(103): warning C4996: 'strcpy': This function or variable may be unsafe. Consider using strcpy_s instead. To disable deprecation, use _CRT_SECURE_NO_WARNINGS. See online help for details.
  c:\program files (x86)\windows kits\10\include\10.0.16299.0\ucrt\string.h(132): note: 参见“strcpy”的声明
d:\granulej\gop\granulejide\gvm\methodinvokeagent.cpp(107): warning C4290: 忽略 C++ 异常规范，但指示函数不是 __declspec(nothrow)
d:\granulej\gop\granulejide\gvm\methodinvokeagent.cpp(122): warning C4290: 忽略 C++ 异常规范，但指示函数不是 __declspec(nothrow)
    正在创建库 D:\GranuleJ\GOP\GranuleJIDE\GVM\Release\GVM.lib 和对象 D:\GranuleJ\GOP\GranuleJIDE\GVM\Release\GVM.exp
  正在生成代码
  24 of 411 functions ( 5.8%) were compiled, the rest were copied from previous compilation.
    0 functions were new in current compilation
    4 functions had inline decision re-evaluated but remain unchanged
  已完成代码的生成
  GVM.vcxproj -> D:\GranuleJ\GOP\GranuleJIDE\GVM\Release\GVM.dll
